d:\alia5\documents\visual_studio_projects\fse\extlibs\liquidfun\liquidfun\build\box2d\box2d.dir\debug\box2d.pdb
d:\alia5\documents\visual_studio_projects\fse\extlibs\liquidfun\liquidfun\build\box2d\box2d.dir\debug\b2chainandpolygoncontact.obj
d:\alia5\documents\visual_studio_projects\fse\extlibs\liquidfun\liquidfun\build\box2d\box2d.dir\debug\b2chainandcirclecontact.obj
d:\alia5\documents\visual_studio_projects\fse\extlibs\liquidfun\liquidfun\build\box2d\box2d.dir\debug\b2edgeandpolygoncontact.obj
d:\alia5\documents\visual_studio_projects\fse\extlibs\liquidfun\liquidfun\build\box2d\box2d.dir\debug\b2edgeandcirclecontact.obj
d:\alia5\documents\visual_studio_projects\fse\extlibs\liquidfun\liquidfun\build\box2d\box2d.dir\debug\b2polygonandcirclecontact.obj
d:\alia5\documents\visual_studio_projects\fse\extlibs\liquidfun\liquidfun\build\box2d\box2d.dir\debug\b2contactsolver.obj
d:\alia5\documents\visual_studio_projects\fse\extlibs\liquidfun\liquidfun\build\box2d\box2d.dir\debug\b2contact.obj
d:\alia5\documents\visual_studio_projects\fse\extlibs\liquidfun\liquidfun\build\box2d\box2d.dir\debug\b2circlecontact.obj
d:\alia5\documents\visual_studio_projects\fse\extlibs\liquidfun\liquidfun\build\box2d\box2d.dir\debug\b2wheeljoint.obj
d:\alia5\documents\visual_studio_projects\fse\extlibs\liquidfun\liquidfun\build\box2d\box2d.dir\debug\b2weldjoint.obj
d:\alia5\documents\visual_studio_projects\fse\extlibs\liquidfun\liquidfun\build\box2d\box2d.dir\debug\b2ropejoint.obj
d:\alia5\documents\visual_studio_projects\fse\extlibs\liquidfun\liquidfun\build\box2d\box2d.dir\debug\b2revolutejoint.obj
d:\alia5\documents\visual_studio_projects\fse\extlibs\liquidfun\liquidfun\build\box2d\box2d.dir\debug\b2pulleyjoint.obj
d:\alia5\documents\visual_studio_projects\fse\extlibs\liquidfun\liquidfun\build\box2d\box2d.dir\debug\b2prismaticjoint.obj
d:\alia5\documents\visual_studio_projects\fse\extlibs\liquidfun\liquidfun\build\box2d\box2d.dir\debug\b2mousejoint.obj
d:\alia5\documents\visual_studio_projects\fse\extlibs\liquidfun\liquidfun\build\box2d\box2d.dir\debug\b2motorjoint.obj
d:\alia5\documents\visual_studio_projects\fse\extlibs\liquidfun\liquidfun\build\box2d\box2d.dir\debug\b2joint.obj
d:\alia5\documents\visual_studio_projects\fse\extlibs\liquidfun\liquidfun\build\box2d\box2d.dir\debug\b2gearjoint.obj
d:\alia5\documents\visual_studio_projects\fse\extlibs\liquidfun\liquidfun\build\box2d\box2d.dir\debug\b2frictionjoint.obj
d:\alia5\documents\visual_studio_projects\fse\extlibs\liquidfun\liquidfun\build\box2d\box2d.dir\debug\b2distancejoint.obj
d:\alia5\documents\visual_studio_projects\fse\extlibs\liquidfun\liquidfun\build\box2d\box2d.dir\debug\b2polygonshape.obj
d:\alia5\documents\visual_studio_projects\fse\extlibs\liquidfun\liquidfun\build\box2d\box2d.dir\debug\b2chainshape.obj
d:\alia5\documents\visual_studio_projects\fse\extlibs\liquidfun\liquidfun\build\box2d\box2d.dir\debug\b2edgeshape.obj
d:\alia5\documents\visual_studio_projects\fse\extlibs\liquidfun\liquidfun\build\box2d\box2d.dir\debug\b2circleshape.obj
d:\alia5\documents\visual_studio_projects\fse\extlibs\liquidfun\liquidfun\build\box2d\box2d.dir\debug\b2trackedblock.obj
d:\alia5\documents\visual_studio_projects\fse\extlibs\liquidfun\liquidfun\build\box2d\box2d.dir\debug\b2timer.obj
d:\alia5\documents\visual_studio_projects\fse\extlibs\liquidfun\liquidfun\build\box2d\box2d.dir\debug\b2stat.obj
d:\alia5\documents\visual_studio_projects\fse\extlibs\liquidfun\liquidfun\build\box2d\box2d.dir\debug\b2stackallocator.obj
d:\alia5\documents\visual_studio_projects\fse\extlibs\liquidfun\liquidfun\build\box2d\box2d.dir\debug\b2settings.obj
d:\alia5\documents\visual_studio_projects\fse\extlibs\liquidfun\liquidfun\build\box2d\box2d.dir\debug\b2math.obj
d:\alia5\documents\visual_studio_projects\fse\extlibs\liquidfun\liquidfun\build\box2d\box2d.dir\debug\b2freelist.obj
d:\alia5\documents\visual_studio_projects\fse\extlibs\liquidfun\liquidfun\build\box2d\box2d.dir\debug\b2draw.obj
d:\alia5\documents\visual_studio_projects\fse\extlibs\liquidfun\liquidfun\build\box2d\box2d.dir\debug\b2blockallocator.obj
d:\alia5\documents\visual_studio_projects\fse\extlibs\liquidfun\liquidfun\build\box2d\box2d.dir\debug\b2worldcallbacks.obj
d:\alia5\documents\visual_studio_projects\fse\extlibs\liquidfun\liquidfun\build\box2d\box2d.dir\debug\b2world.obj
d:\alia5\documents\visual_studio_projects\fse\extlibs\liquidfun\liquidfun\build\box2d\box2d.dir\debug\b2island.obj
d:\alia5\documents\visual_studio_projects\fse\extlibs\liquidfun\liquidfun\build\box2d\box2d.dir\debug\b2fixture.obj
d:\alia5\documents\visual_studio_projects\fse\extlibs\liquidfun\liquidfun\build\box2d\box2d.dir\debug\b2contactmanager.obj
d:\alia5\documents\visual_studio_projects\fse\extlibs\liquidfun\liquidfun\build\box2d\box2d.dir\debug\b2body.obj
d:\alia5\documents\visual_studio_projects\fse\extlibs\liquidfun\liquidfun\build\box2d\box2d.dir\debug\b2polygoncontact.obj
d:\alia5\documents\visual_studio_projects\fse\extlibs\liquidfun\liquidfun\build\box2d\box2d.dir\debug\b2rope.obj
d:\alia5\documents\visual_studio_projects\fse\extlibs\liquidfun\liquidfun\build\box2d\box2d.dir\debug\b2voronoidiagram.obj
d:\alia5\documents\visual_studio_projects\fse\extlibs\liquidfun\liquidfun\build\box2d\box2d.dir\debug\b2particlesystem.obj
d:\alia5\documents\visual_studio_projects\fse\extlibs\liquidfun\liquidfun\build\box2d\box2d.dir\debug\b2particlegroup.obj
d:\alia5\documents\visual_studio_projects\fse\extlibs\liquidfun\liquidfun\build\box2d\box2d.dir\debug\b2particle.obj
d:\alia5\documents\visual_studio_projects\fse\extlibs\liquidfun\liquidfun\build\box2d\box2d.dir\debug\b2timeofimpact.obj
d:\alia5\documents\visual_studio_projects\fse\extlibs\liquidfun\liquidfun\build\box2d\box2d.dir\debug\b2dynamictree.obj
d:\alia5\documents\visual_studio_projects\fse\extlibs\liquidfun\liquidfun\build\box2d\box2d.dir\debug\b2distance.obj
d:\alia5\documents\visual_studio_projects\fse\extlibs\liquidfun\liquidfun\build\box2d\box2d.dir\debug\b2collision.obj
d:\alia5\documents\visual_studio_projects\fse\extlibs\liquidfun\liquidfun\build\box2d\box2d.dir\debug\b2collidepolygon.obj
d:\alia5\documents\visual_studio_projects\fse\extlibs\liquidfun\liquidfun\build\box2d\box2d.dir\debug\b2collideedge.obj
d:\alia5\documents\visual_studio_projects\fse\extlibs\liquidfun\liquidfun\build\box2d\box2d.dir\debug\b2collidecircle.obj
d:\alia5\documents\visual_studio_projects\fse\extlibs\liquidfun\liquidfun\build\box2d\box2d.dir\debug\b2broadphase.obj
d:\alia5\documents\visual_studio_projects\fse\extlibs\liquidfun\liquidfun\build\box2d\cmakefiles\generate.stamp
d:\alia5\documents\visual_studio_projects\fse\extlibs\liquidfun\liquidfun\build\box2d\debug\liquidfun.lib
d:\alia5\documents\visual_studio_projects\fse\extlibs\liquidfun\liquidfun\build\box2d\box2d.dir\debug\box2d.tlog\cl.command.1.tlog
d:\alia5\documents\visual_studio_projects\fse\extlibs\liquidfun\liquidfun\build\box2d\box2d.dir\debug\box2d.tlog\cl.read.1.tlog
d:\alia5\documents\visual_studio_projects\fse\extlibs\liquidfun\liquidfun\build\box2d\box2d.dir\debug\box2d.tlog\cl.write.1.tlog
d:\alia5\documents\visual_studio_projects\fse\extlibs\liquidfun\liquidfun\build\box2d\box2d.dir\debug\box2d.tlog\custombuild.command.1.tlog
d:\alia5\documents\visual_studio_projects\fse\extlibs\liquidfun\liquidfun\build\box2d\box2d.dir\debug\box2d.tlog\custombuild.read.1.tlog
d:\alia5\documents\visual_studio_projects\fse\extlibs\liquidfun\liquidfun\build\box2d\box2d.dir\debug\box2d.tlog\custombuild.write.1.tlog
d:\alia5\documents\visual_studio_projects\fse\extlibs\liquidfun\liquidfun\build\box2d\box2d.dir\debug\box2d.tlog\lib-link.read.1.tlog
d:\alia5\documents\visual_studio_projects\fse\extlibs\liquidfun\liquidfun\build\box2d\box2d.dir\debug\box2d.tlog\lib-link.write.1.tlog
d:\alia5\documents\visual_studio_projects\fse\extlibs\liquidfun\liquidfun\build\box2d\box2d.dir\debug\box2d.tlog\lib.command.1.tlog
